<?xml version="1.0" encoding="UTF-8"?>
<testsuite xmlns:xsi="http://www.w3.org/2001/XMLSchema-instance" xsi:noNamespaceSchemaLocation="https://maven.apache.org/surefire/maven-surefire-plugin/xsd/surefire-test-report.xsd" version="3.0.2" name="com.example.web_scraping.ScraperControllerTest" time="6.583" tests="2" errors="0" skipped="0" failures="1">
  <properties>
[...]
</properties>
  <testcase name="testScraping" classname="com.example.web_scraping.ScraperControllerTest" time="2.711">
    <system-out><![CDATA[17:33:40.713 [main] INFO org.springframework.test.context.support.AnnotationConfigContextLoaderUtils -- Could not detect default configuration classes for test class [com.example.web_scraping.ScraperControllerTest]: ScraperControllerTest does not declare any static, non-private, non-final, nested classes annotated with @Configuration.
17:33:40.888 [main] INFO org.springframework.boot.test.context.SpringBootTestContextBootstrapper -- Found @SpringBootConfiguration com.example.web_scraping.WebScrapingApplication for test class com.example.web_scraping.ScraperControllerTest

  .   ____          _            __ _ _
 /\\ / ___'_ __ _ _(_)_ __  __ _ \ \ \ \
( ( )\___ | '_ | '_| | '_ \/ _` | \ \ \ \
 \\/  ___)| |_)| | | | | || (_| |  ) ) ) )
  '  |____| .__|_| |_|_| |_\__, | / / / /
 =========|_|==============|___/=/_/_/_/

 :: Spring Boot ::                (v3.4.3)

2025-03-10T17:33:41.749+05:30  INFO 4392 --- [Web Scraping] [           main] c.e.web_scraping.ScraperControllerTest   : Starting ScraperControllerTest using Java 17 with PID 4392 (started by Dell in C:\Users\Dell\IdeaProjects\Web Scraping)
2025-03-10T17:33:41.751+05:30  INFO 4392 --- [Web Scraping] [           main] c.e.web_scraping.ScraperControllerTest   : No active profile set, falling back to 1 default profile: "default"
2025-03-10T17:33:44.048+05:30  INFO 4392 --- [Web Scraping] [           main] c.e.web_scraping.ScraperControllerTest   : Started ScraperControllerTest in 2.79 seconds (process running for 4.405)
]]></system-out>
  </testcase>
  <testcase name="testSearch" classname="com.example.web_scraping.ScraperControllerTest" time="0.241">
    <failure message="expected: &lt;success&gt; but was: &lt;failure&gt;" type="org.opentest4j.AssertionFailedError"><![CDATA[org.opentest4j.AssertionFailedError: expected: <success> but was: <failure>
	at org.junit.jupiter.api.AssertionFailureBuilder.build(AssertionFailureBuilder.java:151)
	at org.junit.jupiter.api.AssertionFailureBuilder.buildAndThrow(AssertionFailureBuilder.java:132)
	at org.junit.jupiter.api.AssertEquals.failNotEqual(AssertEquals.java:197)
	at org.junit.jupiter.api.AssertEquals.assertEquals(AssertEquals.java:182)
	at org.junit.jupiter.api.AssertEquals.assertEquals(AssertEquals.java:177)
	at org.junit.jupiter.api.Assertions.assertEquals(Assertions.java:1145)
	at com.example.web_scraping.ScraperControllerTest.testSearch(ScraperControllerTest.java:42)
	at java.base/java.lang.reflect.Method.invoke(Method.java:568)
	at java.base/java.util.ArrayList.forEach(ArrayList.java:1511)
	at java.base/java.util.ArrayList.forEach(ArrayList.java:1511)
]]></failure>
  </testcase>
</testsuite>